# JRE version: Java(TM) SE Runtime Environment (8.0_71-b15) (build 1.8.0_71-b15)
# Java VM: Java HotSpot(TM) 64-Bit Server VM (25.71-b15 mixed mode windows-amd64 compressed oops)
Heap:
 PSYoungGen      total 463360K, used 306799K [0x00000000e0000000, 0x0000000100000000, 0x0000000100000000)
  eden space 408064K, 61% used [0x00000000e0000000,0x00000000ef5a29f0,0x00000000f8e80000)
  from space 55296K, 99% used [0x00000000f8e80000,0x00000000fc4795e8,0x00000000fc480000)
  to   space 60928K, 0% used [0x00000000fc480000,0x00000000fc480000,0x0000000100000000)
 ParOldGen       total 237568K, used 62020K [0x00000000a0000000, 0x00000000ae800000, 0x00000000e0000000)
  object space 237568K, 26% used [0x00000000a0000000,0x00000000a3c913a0,0x00000000ae800000)
 Metaspace       used 92702K, capacity 97618K, committed 97792K, reserved 1134592K
  class space    used 12105K, capacity 12978K, committed 13056K, reserved 1048576K
GC Heap History (10 events):
Event: 2445.228 GC heap before
{Heap before GC invocations=17 (full 3):
 PSYoungGen      total 411136K, used 411135K [0x00000000e0000000, 0x0000000100000000, 0x0000000100000000)
  eden space 382976K, 100% used [0x00000000e0000000,0x00000000f7600000,0x00000000f7600000)
  from space 28160K, 99% used [0x00000000f7600000,0x00000000f917ffb8,0x00000000f9180000)
  to   space 36352K, 0% used [0x00000000fdc80000,0x00000000fdc80000,0x0000000100000000)
 ParOldGen       total 148480K, used 69248K [0x00000000a0000000, 0x00000000a9100000, 0x00000000e0000000)
  object space 148480K, 46% used [0x00000000a0000000,0x00000000a43a02d0,0x00000000a9100000)
 Metaspace       used 90270K, capacity 94862K, committed 95104K, reserved 1132544K
  class space    used 11975K, capacity 12875K, committed 12928K, reserved 1048576K
Event: 2445.327 GC heap after
Heap after GC invocations=17 (full 3):
 PSYoungGen      total 441856K, used 36341K [0x00000000e0000000, 0x0000000100000000, 0x0000000100000000)
  eden space 405504K, 0% used [0x00000000e0000000,0x00000000e0000000,0x00000000f8c00000)
  from space 36352K, 99% used [0x00000000fdc80000,0x00000000ffffd7e8,0x0000000100000000)
  to   space 59392K, 0% used [0x00000000f8c00000,0x00000000f8c00000,0x00000000fc600000)
 ParOldGen       total 148480K, used 116978K [0x00000000a0000000, 0x00000000a9100000, 0x00000000e0000000)
  object space 148480K, 78% used [0x00000000a0000000,0x00000000a723c9c0,0x00000000a9100000)
 Metaspace       used 90270K, capacity 94862K, committed 95104K, reserved 1132544K
  class space    used 11975K, capacity 12875K, committed 12928K, reserved 1048576K
}
Event: 2605.094 GC heap before
{Heap before GC invocations=18 (full 3):
 PSYoungGen      total 441856K, used 441845K [0x00000000e0000000, 0x0000000100000000, 0x0000000100000000)
  eden space 405504K, 100% used [0x00000000e0000000,0x00000000f8c00000,0x00000000f8c00000)
  from space 36352K, 99% used [0x00000000fdc80000,0x00000000ffffd7e8,0x0000000100000000)
  to   space 59392K, 0% used [0x00000000f8c00000,0x00000000f8c00000,0x00000000fc600000)
 ParOldGen       total 148480K, used 116978K [0x00000000a0000000, 0x00000000a9100000, 0x00000000e0000000)
  object space 148480K, 78% used [0x00000000a0000000,0x00000000a723c9c0,0x00000000a9100000)
 Metaspace       used 91075K, capacity 95862K, committed 96000K, reserved 1132544K
  class space    used 12034K, capacity 12993K, committed 13056K, reserved 1048576K
Event: 2605.154 GC heap after
Heap after GC invocations=18 (full 3):
 PSYoungGen      total 464896K, used 17691K [0x00000000e0000000, 0x0000000100000000, 0x0000000100000000)
  eden space 405504K, 0% used [0x00000000e0000000,0x00000000e0000000,0x00000000f8c00000)
  from space 59392K, 29% used [0x00000000f8c00000,0x00000000f9d46ce8,0x00000000fc600000)
  to   space 56832K, 0% used [0x00000000fc880000,0x00000000fc880000,0x0000000100000000)
 ParOldGen       total 148480K, used 137265K [0x00000000a0000000, 0x00000000a9100000, 0x00000000e0000000)
  object space 148480K, 92% used [0x00000000a0000000,0x00000000a860c6f0,0x00000000a9100000)
 Metaspace       used 91075K, capacity 95862K, committed 96000K, reserved 1132544K
  class space    used 12034K, capacity 12993K, committed 13056K, reserved 1048576K
}
Event: 2605.154 GC heap before
{Heap before GC invocations=19 (full 4):
 PSYoungGen      total 464896K, used 17691K [0x00000000e0000000, 0x0000000100000000, 0x0000000100000000)
  eden space 405504K, 0% used [0x00000000e0000000,0x00000000e0000000,0x00000000f8c00000)
  from space 59392K, 29% used [0x00000000f8c00000,0x00000000f9d46ce8,0x00000000fc600000)
  to   space 56832K, 0% used [0x00000000fc880000,0x00000000fc880000,0x0000000100000000)
 ParOldGen       total 148480K, used 137265K [0x00000000a0000000, 0x00000000a9100000, 0x00000000e0000000)
  object space 148480K, 92% used [0x00000000a0000000,0x00000000a860c6f0,0x00000000a9100000)
 Metaspace       used 91075K, capacity 95862K, committed 96000K, reserved 1132544K
  class space    used 12034K, capacity 12993K, committed 13056K, reserved 1048576K
Event: 2605.455 GC heap after
Heap after GC invocations=19 (full 4):
 PSYoungGen      total 464896K, used 0K [0x00000000e0000000, 0x0000000100000000, 0x0000000100000000)
  eden space 405504K, 0% used [0x00000000e0000000,0x00000000e0000000,0x00000000f8c00000)
  from space 59392K, 0% used [0x00000000f8c00000,0x00000000f8c00000,0x00000000fc600000)
  to   space 56832K, 0% used [0x00000000fc880000,0x00000000fc880000,0x0000000100000000)
 ParOldGen       total 237568K, used 60607K [0x00000000a0000000, 0x00000000ae800000, 0x00000000e0000000)
  object space 237568K, 25% used [0x00000000a0000000,0x00000000a3b2fc40,0x00000000ae800000)
 Metaspace       used 90514K, capacity 94512K, committed 96000K, reserved 1132544K
  class space    used 11871K, capacity 12665K, committed 13056K, reserved 1048576K
}
Event: 4410.837 GC heap before
{Heap before GC invocations=20 (full 4):
 PSYoungGen      total 464896K, used 405504K [0x00000000e0000000, 0x0000000100000000, 0x0000000100000000)
  eden space 405504K, 100% used [0x00000000e0000000,0x00000000f8c00000,0x00000000f8c00000)
  from space 59392K, 0% used [0x00000000f8c00000,0x00000000f8c00000,0x00000000fc600000)
  to   space 56832K, 0% used [0x00000000fc880000,0x00000000fc880000,0x0000000100000000)
 ParOldGen       total 237568K, used 60607K [0x00000000a0000000, 0x00000000ae800000, 0x00000000e0000000)
  object space 237568K, 25% used [0x00000000a0000000,0x00000000a3b2fc40,0x00000000ae800000)
 Metaspace       used 91307K, capacity 95914K, committed 96256K, reserved 1132544K
  class space    used 11961K, capacity 12824K, committed 13056K, reserved 1048576K
Event: 4410.868 GC heap after
Heap after GC invocations=20 (full 4):
 PSYoungGen      total 459264K, used 27695K [0x00000000e0000000, 0x00000000ffa80000, 0x0000000100000000)
  eden space 408064K, 0% used [0x00000000e0000000,0x00000000e0000000,0x00000000f8e80000)
  from space 51200K, 54% used [0x00000000fc880000,0x00000000fe38bda0,0x00000000ffa80000)
  to   space 55296K, 0% used [0x00000000f8e80000,0x00000000f8e80000,0x00000000fc480000)
 ParOldGen       total 237568K, used 60615K [0x00000000a0000000, 0x00000000ae800000, 0x00000000e0000000)
  object space 237568K, 25% used [0x00000000a0000000,0x00000000a3b31c40,0x00000000ae800000)
 Metaspace       used 91307K, capacity 95914K, committed 96256K, reserved 1132544K
  class space    used 11961K, capacity 12824K, committed 13056K, reserved 1048576K
}
Event: 4413.199 GC heap before
{Heap before GC invocations=21 (full 4):
 PSYoungGen      total 459264K, used 435759K [0x00000000e0000000, 0x00000000ffa80000, 0x0000000100000000)
  eden space 408064K, 100% used [0x00000000e0000000,0x00000000f8e80000,0x00000000f8e80000)
  from space 51200K, 54% used [0x00000000fc880000,0x00000000fe38bda0,0x00000000ffa80000)
  to   space 55296K, 0% used [0x00000000f8e80000,0x00000000f8e80000,0x00000000fc480000)
 ParOldGen       total 237568K, used 60615K [0x00000000a0000000, 0x00000000ae800000, 0x00000000e0000000)
  object space 237568K, 25% used [0x00000000a0000000,0x00000000a3b31c40,0x00000000ae800000)
 Metaspace       used 91691K, capacity 96454K, committed 96768K, reserved 1132544K
  class space    used 11982K, capacity 12846K, committed 13056K, reserved 1048576K
Event: 4413.251 GC heap after
Heap after GC invocations=21 (full 4):
 PSYoungGen      total 463360K, used 55269K [0x00000000e0000000, 0x0000000100000000, 0x0000000100000000)
  eden space 408064K, 0% used [0x00000000e0000000,0x00000000e0000000,0x00000000f8e80000)
  from space 55296K, 99% used [0x00000000f8e80000,0x00000000fc4795e8,0x00000000fc480000)
  to   space 60928K, 0% used [0x00000000fc480000,0x00000000fc480000,0x0000000100000000)
 ParOldGen       total 237568K, used 62020K [0x00000000a0000000, 0x00000000ae800000, 0x00000000e0000000)
  object space 237568K, 26% used [0x00000000a0000000,0x00000000a3c913a0,0x00000000ae800000)
 Metaspace       used 91691K, capacity 96454K, committed 96768K, reserved 1132544K
  class space    used 11982K, capacity 12846K, committed 13056K, reserved 1048576K
}

